<?xml version="1.0" encoding="UTF-8" ?>
<testsuites errors="0"
            failures="1"
            tests="2">

  <testsuite name="foodNetwork"
    errors="0" failures="1" hostname="" id="" package="foodNetwork" skipped="1"
    tests="2" time="62.42" timestamp="">
  
    <testcase name="log in" classname="foodNetwork" time="18.76" assertions="4">

    

    

    

    
    </testcase>
  
    <testcase name="Navigation Bar/Categories" classname="foodNetwork" time="43.66" assertions="7">

    

    

    

    

    

      <failure message="Timed out while waiting for element &lt;(//a[@href=&#34;//www.foodnetwork.com/holidays-and-parties&#34;])[1]&gt; to be present for 20000 milliseconds. - expected [0;32m&#34;visible&#34;[0m but got: [0;31m&#34;not found&#34;[0m">    at Page.clickVerify (C:\Users\benpe\DevMountain\foodNetworkAutomationProject\pageObjects\foodNetworkPageObject.js:6:18)
    at Object.Navigation Bar/Categories (C:\Users\benpe\DevMountain\foodNetworkAutomationProject\tests\foodNetwork.js:34:14)</failure>

    <failure message="    at Page.clickVerify (C:\Users\benpe\DevMountain\foodNetworkAutomationProject\pageObjects\foodNetworkPageObject.js:6:18)">    at Object.Navigation Bar/Categories (C:\Users\benpe\DevMountain\foodNetworkAutomationProject\tests\foodNetwork.js:34:14)</failure>
    </testcase>
  

  

  
    
    <testcase
      name="Search Function" classname="foodNetwork">
      <skipped />
    </testcase>
    
  
  </testsuite>
</testsuites>
